amilk/proguard/seeds.txt
milk.ui.MilkAppImpl
milk.ui.MilkAppImpl: MilkAppImpl()
...
com.ccit.mmwlan.phone.a
com.ccit.mmwlan.phone.a: com.ccit.mmwlan.phone.b a
com.ccit.mmwlan.phone.a: java.util.ArrayList b
com.ccit.mmwlan.phone.a: java.lang.StringBuilder c
com.ccit.mmwlan.phone.a: java.lang.String d
com.ccit.mmwlan.phone.a: boolean e
com.ccit.mmwlan.phone.a: a()
com.ccit.mmwlan.phone.a: java.util.ArrayList a()
com.ccit.mmwlan.phone.a: void characters(char[],int,int)
com.ccit.mmwlan.phone.a: void endDocument()
com.ccit.mmwlan.phone.a: void endElement(java.lang.String,java.lang.String,java.lang.String)
com.ccit.mmwlan.phone.a: void startDocument()
com.ccit.mmwlan.phone.a: void startElement(java.lang.String,java.lang.String,java.lang.String,org.xml.sax.Attributes)
com.ccit.mmwlan.phone.b
com.ccit.mmwlan.phone.b: java.lang.String a
com.ccit.mmwlan.phone.b: java.lang.String b
com.ccit.mmwlan.phone.b: java.lang.String c
com.ccit.mmwlan.phone.b: java.lang.String d
com.ccit.mmwlan.phone.b: b()
com.ccit.mmwlan.phone.b: java.lang.String a()
com.ccit.mmwlan.phone.b: void a(java.lang.String)
com.ccit.mmwlan.phone.b: java.lang.String b()
com.ccit.mmwlan.phone.b: void b(java.lang.String)
com.ccit.mmwlan.phone.b: java.lang.String c()
com.ccit.mmwlan.phone.b: void c(java.lang.String)
com.ccit.mmwlan.phone.b: java.lang.String d()
com.ccit.mmwlan.phone.b: void d(java.lang.String)
com.ccit.mmwlan.phone.c
com.ccit.mmwlan.phone.c: java.lang.StringBuilder a
com.ccit.mmwlan.phone.c: c()
com.ccit.mmwlan.phone.c: java.lang.String a(java.lang.String,java.lang.String,java.lang.String,java.lang.String)
com.ccit.mmwlan.phone.c: byte[] a(java.lang.String,byte[],org.apache.http.HttpHost,java.lang.String)
com.ccit.mmwlan.phone.d
com.ccit.mmwlan.phone.d: com.ccit.mmwlan.phone.a a
com.ccit.mmwlan.phone.d: java.util.ArrayList b
com.ccit.mmwlan.phone.d: d()
com.ccit.mmwlan.phone.d: java.util.ArrayList a(java.lang.String)
com.ccit.mmwlan.vo.DeviceInfo
com.ccit.mmwlan.vo.DeviceInfo: java.lang.String strImei
com.ccit.mmwlan.vo.DeviceInfo: java.lang.String strImsi
com.ccit.mmwlan.vo.DeviceInfo: java.lang.String strMac
com.ccit.mmwlan.vo.DeviceInfo: java.lang.String filePath
com.ccit.mmwlan.vo.DeviceInfo: DeviceInfo()
com.ccit.mmwlan.vo.DeviceInfo: java.lang.String getStrImei()
com.ccit.mmwlan.vo.DeviceInfo: void setStrImei(java.lang.String)
com.ccit.mmwlan.vo.DeviceInfo: java.lang.String getStrImsi()
com.ccit.mmwlan.vo.DeviceInfo: void setStrImsi(java.lang.String)
com.ccit.mmwlan.vo.DeviceInfo: java.lang.String getStrMac()
com.ccit.mmwlan.vo.DeviceInfo: void setStrMac(java.lang.String)
com.ccit.mmwlan.vo.DeviceInfo: java.lang.String getFilePath()
com.ccit.mmwlan.vo.DeviceInfo: void setFilePath(java.lang.String)
com.ccit.mmwlan.vo.DeviceInfo: java.lang.String toString()
com.ccit.mmwlan.vo.DeviceName
com.ccit.mmwlan.vo.DeviceName: java.lang.String result
com.ccit.mmwlan.vo.DeviceName: java.lang.String errormsg
com.ccit.mmwlan.vo.DeviceName: java.lang.String deviceName
com.ccit.mmwlan.vo.DeviceName: DeviceName()
com.ccit.mmwlan.vo.DeviceName: java.lang.String getResult()
com.ccit.mmwlan.vo.DeviceName: void setResult(java.lang.String)
com.ccit.mmwlan.vo.DeviceName: java.lang.String getErrormsg()
com.ccit.mmwlan.vo.DeviceName: void setErrormsg(java.lang.String)
com.ccit.mmwlan.vo.DeviceName: java.lang.String getDeviceName()
com.ccit.mmwlan.vo.DeviceName: void setDeviceName(java.lang.String)