amilk/proguard/mapping.txt
milk.ui.Communicator -> milk.ui.a:
    java.util.Vector outQueue -> c
    java.util.Vector inQueue -> d
    milk.ui.Communicator$ReceiveMessageTask reader -> a
    int state -> b
    milk.ui.Communicator instance -> e
    milk.net.CommListener listener -> f
    long lastReceiveMsgTime -> g
    boolean processInMessageInBackgroundThread -> h
    milk.ui.Communicator getInstance() -> a
    void setCommListener(milk.net.CommListener) -> a
    void send(milk.net.MoPacket) -> a
    void processInMessage() -> b
    void stop() -> c
    void access$0$2787a65e(java.net.Socket,milk.implement.MilkInputStream,milk.implement.MilkOutputStream) -> a
    java.util.Vector access$1(milk.ui.Communicator) -> a
    void access$2(milk.ui.Communicator,long) -> a
    long access$3(milk.ui.Communicator) -> b
    boolean access$4(milk.ui.Communicator) -> c
    milk.net.CommListener access$5(milk.ui.Communicator) -> d
    java.util.Vector access$6(milk.ui.Communicator) -> e
milk.ui.Communicator$ReceiveMessageTask -> milk.ui.b:
    java.net.Socket conn -> a
    milk.implement.MilkOutputStream dos -> b
    milk.implement.MilkInputStream dis -> c
    milk.ui.Communicator$SendMessageTask sender -> d
    boolean killed -> h
    int reconnectCount -> e
    int retryInterval -> f
    milk.ui.Communicator this$0 -> g
    void run() -> run
    void kill() -> a
milk.ui.Communicator$SendMessageTask -> milk.ui.c:
    java.net.Socket conn -> a
    milk.implement.MilkOutputStream dos -> b
    boolean killed -> d
    milk.ui.Communicator this$0 -> c
    void run() -> run
    void kill() -> a
milk.ui.HandlerMsg -> milk.ui.d:
    void setInputText(java.lang.String) -> a
    void showAlert(java.lang.String) -> b
milk.ui.MilkAppImpl -> milk.ui.MilkAppImpl:
    java.lang.String APPID -> n
    java.lang.String APPKEY -> o
    boolean isSupportMMBilling -> p
    int PLATFORM_ANDROID -> q
    int PLATFORM_IPHONE -> r
    java.util.Timer timer -> a
    milk.ui2.MilkDisplayable currentDisplay -> s
    int screenWidth -> b
    int screenHeight -> c
    boolean isExitThread -> t
    float heightPer -> d
    float widthPer -> e
    java.lang.String tag -> u
    boolean isPause -> v
    boolean isScale -> f
    int scaleWidth -> g
    int scaleHeight -> h
    int xOffset -> i
    int yOffset -> j
    android.graphics.Rect scaleRect -> k
    int threadSleepCount -> w
    int screenType -> l
    milk.googlebilling.BillingActivityHandler billingActivityHandler -> x
    milk.ui.MilkCanvasImpl2 canvas -> m
    android.os.Handler handler -> y
    boolean dispatchTouchEvent(android.view.MotionEvent) -> dispatchTouchEvent
    void onCreate(android.os.Bundle) -> onCreate
    android.os.Handler getHandler() -> a
    java.net.Socket getConnection() -> b
    java.net.HttpURLConnection getHttpConnection(java.lang.String) -> a
    int loadSound(byte[]) -> a
    void stopSound(int) -> a
    void playSoundById(int,byte) -> a
    void unloadSoundById(int) -> b
    void clearKeyStatus() -> c
    void drawNow() -> d
    int getCanvasWidth() -> e
    int getCanvasHeight() -> f
    java.lang.String getPlatform() -> g
    byte[] readMutable(java.lang.String) -> b
milk.ui.MilkAppImpl$1 -> milk.ui.e:
    milk.ui.MilkAppImpl this$0 -> a
    void handleMessage(android.os.Message) -> handleMessage
milk.ui.MilkAppImpl$2 -> milk.ui.f:
    milk.ui.MilkAppImpl this$0 -> a
    void run() -> run
...
milk.implement.MInstruction -> milk.c.w:
    int[] staticOprands -> a
    byte[] parseIndexes -> b
    byte[] getInstruction(milk.implement.MilkInputStream) -> a
    int[] getOprands(byte[]) -> a
milk.implement.MStack -> milk.c.x:
    java.util.Vector pool -> e
    int istPtr -> a
    int stackStart -> b
    java.lang.String funcName -> c
    java.lang.String libName -> d
    milk.implement.MStack produce(java.lang.String) -> a
    void recycle(milk.implement.MStack) -> a
milk.implement.MilkCallback -> milk.c.y:
    java.lang.String lib -> a
    int isp -> b
milk.implement.MilkInputStream -> milk.c.z:
    java.io.InputStream in -> a
    byte[] readBuffer -> b
    int read(byte[]) -> read
    int available() -> available
    byte readByte() -> a
    int read() -> read
    short readShort() -> b
    int readInt() -> c
    long readLong() -> d
    void readFully(byte[],int,int) -> a
    void readFully(byte[]) -> a
milk.implement.MilkOutputStream -> milk.c.aa:
    java.io.OutputStream out -> a
    int written -> b
    byte[] writeBuffer -> c
    void incCount(int) -> d
    void write(int) -> write
    void write(byte[],int,int) -> write
    void flush() -> flush
    void writeByte(int) -> a
    void writeShort(int) -> b
    void writeInt(int) -> c
    void writeLong(long) -> a
milk.implement.MyRandom -> milk.c.ab:
    int nextInt(int) -> nextInt
milk.implement.Resource -> milk.c.ac:
    int version -> a
    java.lang.String resourceId -> b
    byte type -> c
    byte split -> d
    byte must -> e
    int loadW -> f
    int loadH -> g
    int alpha -> h
milk.implement.Scene -> milk.c.ad:
    int strokeColor -> O
    int fillColor -> P
    milk.implement.mk.MRect screenRect -> a
    milk.menu.WindowMenu windowMenu -> b
    java.lang.String input -> Q
    milk.ui2.MilkLocker waiter -> R
    java.util.Hashtable libs -> S
    int flags -> c
    milk.implement.Scene parent -> d
    java.lang.String sceneId -> e
    java.lang.String resId -> f
    milk.implement.mk.MRect clipRect -> g
    milk.implement.mk.MMap params -> T
    int[] paramVars -> U
    java.lang.Object[] paramObjs -> V
    milk.ui2.MilkImage darkLine -> h
    java.util.Vector windows -> i
    milk.implement.mk.MDraw currentDraw -> j
    boolean processWillDraw -> k
    int[] vars -> W
    java.lang.Object[] objs -> X
    int varSize -> l
    boolean isInited -> m
    milk.implement.ByteCode global -> n
    java.util.Vector stacks -> o
    milk.implement.MStack curStack -> p
    java.util.Hashtable timeOuts -> q
    java.util.Vector tryStack -> r
    milk.implement.MilkCallback onKeyDown -> s
    milk.implement.MilkCallback onKeyPress -> t
    milk.implement.MilkCallback onKeyUp -> u
    milk.implement.MilkCallback onFingerDown -> v
    milk.implement.MilkCallback onFingerMove -> w
    milk.implement.MilkCallback onFingerUp -> x
    milk.implement.MilkCallback onFingerZoomOut -> y
    milk.implement.MilkCallback onFrame -> z
    milk.implement.MilkCallback onFingerZoomIn -> A
milk.implement.Scene$TimeOut -> milk.c.ae:
    long timeout -> a
    int timeOutSid -> b
    int id -> c
    milk.implement.MilkCallback callback -> d
milk.implement.Scene$TryBlock -> milk.c.af:
    int catchStart -> a
    int type -> b
milk.implement.StringBreaker -> milk.c.ag:
    milk.implement.StringBreaker BREAKER -> a
    int total -> b
    int progress -> c
    boolean running -> d
    void contentToLines$e11277c(java.lang.String,java.util.Vector,milk.ui2.MilkFont,int,int,int,int) -> a
    boolean isBreakable(char) -> a
    boolean isArabicOrHebrew(char) -> b
milk.implement.StringData -> milk.c.ah:
    java.lang.String data -> a
    int index -> b
    char getChar(boolean) -> a
    boolean hasMore() -> a
milk.implement.TaskRunner -> milk.c.ai:
    void doTask() -> a