amilk/proguard/usage.txt
milk.ui.BuildConfig
milk.ui.Communicator:
    public static final int STATE_IDLE
    public static final int STATE_CONNECTING
    public static final int STATE_ERROR
    public static final int STATE_CONNECTED
    public java.lang.String serverUrl
    private static final int HEART_INTERVAL
    private boolean netException
    60:60:public void setProcessInMessageInBackgroundThread(boolean)
milk.ui.HandlerMsg:
    private static final int REFRESH
    private static final int SHOW_EDIT_DIALOG
    private static final int INPUTBOX
    private static final int HIDE_INPUT
    private static final int FOCUS_INPUTBOX
    private static final int INSERT_FACE
    private static final int ALERT_DIALOG
    private static final int HIDE_SOFT_INPUTBOX
    private static final int SET_INPUT
    private static final int LAYOUT_INPUTBOX
    10:10:public HandlerMsg()
    109:110:public static void refresh()
milk.ui.MilkAppImpl:
    275:275:public void playSoundByBytes(java.lang.String,byte[],byte)
    437:437:public milk.ui2.MilkDisplayable getCurrentDisplay()
    441:441:public milk.ui2.MilkCanvas getMilkCanvas()
    768:768:public int getGameAction(int)
    778:779:public void showAlert(java.lang.String)
    814:816:public void cancelTask(milk.ui2.MilkTask)
    831:832:public void sendRawRequest(milk.ui2.RawRequest,boolean)
milk.ui.MilkCanvasImpl
milk.ui.MilkCanvasImpl$1
milk.ui.MilkCanvasImpl2:
    75:75:public void setCallSuperEvent(boolean)
    79:84:public int getCanvasHeight()
milk.ui.MilkGraphicsImpl:
    95:96:public void drawArc(int,int,int,int,int,int)
    100:101:public void fillArc(int,int,int,int,int,int)
    105:106:public void drawRoundRect(int,int,int,int,int,int)
    115:116:public void fillTriangle(int,int,int,int,int,int)
    163:163:public void drawImage(milk.ui2.MilkImage,int,int,int,int)
milk.ui.MilkGzip:
    8:8:public MilkGzip()
milk.ui.MilkImageImpl:
    17:22:private static milk.ui2.MilkImage createImage(java.lang.String)
    43:50:public static milk.ui2.MilkImage createImage(int,int,int)
    107:107:public milk.ui.graphics.Image getImage()
    116:117:public static void rotate(milk.ui2.MilkImage,int)
milk.ui.MilkJavaLocker
milk.ui.MilkJavaUiFactory:
    29:29:public milk.ui2.MilkTask createMilkTask(milk.implement.TaskRunner)
    39:39:public milk.ui2.MilkImage createImage(byte[],int,int)
    43:43:public milk.ui2.MilkImage createImage(int,int)
    69:69:public milk.ui2.MilkSprite createMilkSprite(milk.ui2.MilkImage)
    74:74:public milk.ui2.MilkImage createImage(milk.ui2.MilkImage,int,int,int,int,int)
    92:92:public milk.ui2.ShrinkRect createShrinkRect(java.lang.String,int,int)
    150:150:public milk.implement.sv3.MilkDiv9 createMilkDiv9(java.lang.String,smartview3.elements.Sv3Div,smartview3.elements.Sv3Page)
milk.ui.MilkSpriteImpl:
    55:55:public boolean collidesWith(milk.ui2.MilkSprite,boolean)
milk.ui.MilkTaskImpl:
    21:22:public void cancel()
milk.ui.MilkTiledLayerImpl:
    52:53:public void paint(milk.ui2.MilkGraphics)
milk.ui.MoWebUtil:
    16:16:public MoWebUtil()
    51:90:public static void sendRawRequest(milk.ui2.RawRequest,boolean)
milk.ui.MoWebUtil$MoWebListener
milk.ui.NativeUIManager:
    468:480:public static void showBrowserByRect(int,int,java.lang.String)
milk.ui.R
milk.ui.R$attr
milk.ui.R$drawable
milk.ui.R$layout
milk.ui.R$string
milk.ui.ShrinkRectImpl
...
milk.implement.Scene:
    protected static final int FLAG_AUTOCENTER
    protected static final int FLAG_SHADING
    protected static final int FLAG_FOCUSFIRST
    protected static final int FLAG_NOBG
    protected static final int FLAG_NOCLOSE
    protected static final int FLAG_FITHEIGHT
    protected static final int FLAG_HASMENU
    protected static final int FLAG_EMBEDDED
    public static final int END
    public static final int ADD
    public static final int SUB
    public static final int MUL
    public static final int DIV
    public static final int MOD
    public static final int LSH
    public static final int RSH
    public static final int AND
    public static final int OR
    public static final int XOR
    public static final int CMP
    public static final int NOT
    public static final int MOVINT
    public static final int MOVSTR
    public static final int CREATEVAR
    public static final int DELETEVAR
    public static final int COPYVAR
    public static final int JE
    public static final int JNE
    public static final int JL
    public static final int JLE
    public static final int JG
    public static final int JGE
    public static final int JMP
    public static final int CALL
    public static final int RET
    public static final int TOSTR
    public static final int TOINT
    public static final int STRLEN
    public static final int SUBSTR
    public static final int STRCAT
milk.implement.Scene$TimeOut:
    491:492:public java.util.Date getDate()
milk.implement.SetEventListener
milk.implement.SetScene
milk.implement.StringBreaker:
    private static final java.lang.String breakable
    245:245:public static synchronized milk.implement.StringBreaker getBreaker()
    252:254:public int getProgress()
    258:260:public void stop()
milk.implement.TextLine:
    29:30:public void setStart(int)
    37:38:public void setEnd(int)
    45:46:public void setWidth(int)
milk.implement.VectorPool:
    5:5:public VectorPool()
milk.implement.Window:
    private milk.ui2.MilkTask layoutTask
    private static final int event_trigger
    private static final int event_will_focus
    private static final int event_will_unfocus
    720:720:public boolean willEnable(smartview3.elements.Sv3Element)
    726:726:public void didEnable(smartview3.elements.Sv3Element)
    730:730:public boolean willDisable(smartview3.elements.Sv3Element)
    758:758:public void didDisable(smartview3.elements.Sv3Element)
    783:783:public void didFinishInput(smartview3.elements.Sv3Input)
milk.implement.mk.MDraw:
    protected abstract boolean canDraw(milk.implement.mk.MRect,int,int)
    103:110:public void calcFingerUsingViewPort(milk.implement.IMEvent$MFingerEvent)
milk.implement.mk.MGroup:
    243:243:public int getMyX()
    247:247:public int getMyY()
milk.implement.mk.MMap:
    199:199:public java.util.Vector getKeys()
milk.implement.mk.MPlayer:
    190:190:protected boolean canDraw(milk.implement.mk.MRect,int,int)
    307:307:public int getMyX()
    311:311:public int getMyY()
    375:375:public int getCenterX()
    379:379:public int getCenterY()
milk.implement.mk.MState:
    public static final byte stateTypeStatic
    public static final byte stateTypeDynamic
    public static final byte stateTypeSprite
milk.implement.mk.MText:
    232:232:protected boolean canDraw(milk.implement.mk.MRect,int,int)
    314:314:public int getMyX()
    318:318:public int getMyY()
milk.implement.mk.MTiles:
    168:168:protected boolean canDraw(milk.implement.mk.MRect,int,int)
milk.implement.mk.MoveState:
    public static final int ConstantSpeed
    public static final int ConstantStep
    public static final int VariableSpeed
milk.menu.MenuItem:
    20:21:public void setItemAction(java.lang.String)
    32:32:protected java.lang.String getItemName()